2015-10-22 11:56:34 WARN  [4695] Parameter 'DriverType' is invalid
2015-10-22 12:59:36 WARN  [6667] Parameter 'DriverType' is invalid
2015-10-22 14:12:28 WARN  [3044] Parameter 'DriverType' is invalid
2015-10-22 14:57:18 WARN  [3963] Parameter 'DriverType' is invalid
2015-10-22 15:07:01 WARN  [4727] Parameter 'DriverType' is invalid
2015-10-22 15:07:17 ERROR [4749] Database open error. Invalid database settings, or maximum number of SQL connection exceeded.
2015-10-22 15:09:29 WARN  [4832] Parameter 'DriverType' is invalid
2015-10-22 15:09:55 ERROR [4854] Database open error. Invalid database settings, or maximum number of SQL connection exceeded.
2015-10-22 15:15:39 WARN  [4941] Parameter 'DriverType' is invalid
2015-10-22 16:11:33 WARN  [5205] Parameter 'DriverType' is invalid
2015-10-22 16:12:33 ERROR [5226] Database open error. Invalid database settings, or maximum number of SQL connection exceeded.
2015-10-22 16:13:13 WARN  [5289] Parameter 'DriverType' is invalid
2015-10-22 16:13:27 ERROR [5306] Database open error. Invalid database settings, or maximum number of SQL connection exceeded.
2015-10-22 16:14:05 WARN  [5358] Parameter 'DriverType' is invalid
2015-10-22 16:27:12 WARN  [5732] Parameter 'DriverType' is invalid
2015-10-22 16:27:50 ERROR [5761] Database open error. Invalid database settings, or maximum number of SQL connection exceeded.
2015-10-22 16:29:44 WARN  [5808] Parameter 'DriverType' is invalid
2015-10-22 16:30:52 ERROR [5833] Database open error. Invalid database settings, or maximum number of SQL connection exceeded.
2015-10-22 17:35:48 WARN  [7518] Parameter 'DriverType' is invalid
2015-10-22 17:48:19 WARN  [9158] Parameter 'DriverType' is invalid
2015-10-22 19:49:22 WARN  [2908] Parameter 'DriverType' is invalid
2015-10-22 19:49:46 WARN  [2952] Parameter 'DriverType' is invalid
2015-10-22 19:52:03 ERROR [3029] Database open error. Invalid database settings, or maximum number of SQL connection exceeded.
2015-10-22 20:37:14 WARN  [3956] Parameter 'DriverType' is invalid
2015-10-22 20:38:10 ERROR [3983] Database open error. Invalid database settings, or maximum number of SQL connection exceeded.
2015-10-22 20:46:15 WARN  [4104] Parameter 'DriverType' is invalid
2015-10-22 20:47:23 WARN  [4173] Parameter 'DriverType' is invalid
2015-10-22 20:49:11 ERROR [4187] Database open error. Invalid database settings, or maximum number of SQL connection exceeded.
2015-10-22 20:51:16 WARN  [4265] Parameter 'DriverType' is invalid
2015-10-22 20:51:46 ERROR [4279] Database open error. Invalid database settings, or maximum number of SQL connection exceeded.
2015-10-22 20:53:47 WARN  [4332] Parameter 'DriverType' is invalid
2015-10-22 20:54:18 ERROR [4346] Database open error. Invalid database settings, or maximum number of SQL connection exceeded.
2015-10-22 20:56:51 WARN  [4391] Parameter 'DriverType' is invalid
2015-10-22 20:57:28 ERROR [4411] Database open error. Invalid database settings, or maximum number of SQL connection exceeded.
2015-10-22 21:03:19 WARN  [4800] Parameter 'DriverType' is invalid
2015-10-22 21:04:16 ERROR [4816] Database open error. Invalid database settings, or maximum number of SQL connection exceeded.
2015-10-22 21:06:28 WARN  [4854] Parameter 'DriverType' is invalid
2015-10-22 21:06:45 ERROR [4868] Database open error. Invalid database settings, or maximum number of SQL connection exceeded.
2015-10-23 00:55:57 WARN  [11801] Parameter 'DriverType' is invalid
2015-10-23 08:46:11 WARN  [4131] Parameter 'DriverType' is invalid
2015-10-23 08:51:33 ERROR [4196] Database open error. Invalid database settings, or maximum number of SQL connection exceeded.
2015-10-23 10:11:03 WARN  [5620] Parameter 'DriverType' is invalid
2015-10-23 17:12:46 WARN  [11207] Parameter 'DriverType' is invalid
2015-10-23 17:15:21 ERROR [11237] Database open error. Invalid database settings, or maximum number of SQL connection exceeded.
2015-10-27 14:36:56 ERROR [1085] Database name empty string
2015-10-27 14:36:56 ERROR [1085] Database name empty string
2015-10-27 14:36:56 ERROR [1085] Database name empty string
2015-10-27 14:36:56 ERROR [1085] Database name empty string
2015-10-27 14:36:56 ERROR [1085] Database name empty string
2015-10-27 14:36:56 ERROR [1085] Database name empty string
2015-10-27 14:36:56 ERROR [1085] Database name empty string
2015-10-27 14:36:56 ERROR [1085] Database name empty string
2015-10-27 14:36:56 ERROR [1085] Database name empty string
2015-10-27 14:36:56 ERROR [1085] Database name empty string
2015-10-27 14:36:56 ERROR [1085] Database name empty string
2015-10-27 14:36:56 ERROR [1085] Database name empty string
2015-10-27 14:36:56 ERROR [1085] Database name empty string
2015-10-27 14:36:56 ERROR [1085] Database name empty string
2015-10-27 14:36:56 ERROR [1085] Database name empty string
2015-10-27 14:36:56 ERROR [1085] Database name empty string
2015-10-27 14:36:56 ERROR [1085] Database name empty string
2015-10-27 14:36:56 ERROR [1085] Database name empty string
2015-10-27 14:36:56 ERROR [1085] Database name empty string
2015-10-27 14:36:56 ERROR [1085] Database name empty string
2015-10-27 14:36:56 ERROR [1085] Database name empty string
2015-10-27 14:36:56 ERROR [1085] Database name empty string
2015-10-27 14:36:56 ERROR [1085] Database name empty string
2015-10-27 14:36:56 ERROR [1085] Database name empty string
2015-10-27 14:36:56 ERROR [1085] Database name empty string
2015-10-27 14:36:56 ERROR [1085] Database name empty string
2015-10-27 14:36:56 ERROR [1085] Database name empty string
2015-10-27 14:36:56 ERROR [1085] Database name empty string
2015-10-27 14:36:56 ERROR [1085] Database name empty string
2015-10-27 14:36:56 ERROR [1085] Database name empty string
2015-10-27 14:36:56 ERROR [1085] Database name empty string
2015-10-27 14:36:56 ERROR [1085] Database name empty string
2015-10-27 14:36:56 ERROR [1085] Database name empty string
2015-10-27 14:36:56 ERROR [1085] Database name empty string
2015-10-27 14:36:56 ERROR [1085] Database name empty string
2015-10-27 14:36:56 ERROR [1085] Database name empty string
2015-10-27 14:36:56 ERROR [1085] Database name empty string
2015-10-27 14:36:56 ERROR [1085] Database name empty string
2015-10-27 14:36:56 ERROR [1085] Database name empty string
2015-10-27 14:36:56 ERROR [1085] Database name empty string
2015-10-27 14:36:56 ERROR [1085] Database name empty string
2015-10-27 14:36:56 ERROR [1085] Database name empty string
2015-10-27 14:36:56 ERROR [1085] Database name empty string
2015-10-27 14:36:56 ERROR [1085] Database name empty string
2015-10-27 14:36:56 ERROR [1085] Database name empty string
2015-10-27 14:36:56 ERROR [1085] Database name empty string
2015-10-27 14:36:56 ERROR [1085] Database name empty string
2015-10-27 14:36:56 ERROR [1085] Database name empty string
2015-10-27 14:36:56 ERROR [1085] Database name empty string
2015-10-27 14:36:56 ERROR [1085] Database name empty string
2015-10-27 14:36:56 ERROR [1085] Database name empty string
2015-10-27 14:36:56 ERROR [1085] Database name empty string
2015-10-27 14:36:56 ERROR [1085] Database name empty string
2015-10-27 14:36:56 ERROR [1085] Database name empty string
2015-10-27 14:36:56 ERROR [1085] Database name empty string
2015-10-27 14:36:56 ERROR [1085] Database name empty string
2015-10-27 14:36:56 ERROR [1085] Database name empty string
2015-10-27 14:36:56 ERROR [1085] Database name empty string
2015-10-27 14:36:56 ERROR [1085] Database name empty string
2015-10-27 14:36:56 ERROR [1085] Database name empty string
2015-10-27 14:36:56 ERROR [1085] Database name empty string
2015-10-27 14:36:56 ERROR [1085] Database name empty string
2015-10-27 14:36:56 ERROR [1085] Database name empty string
2015-10-27 14:36:56 ERROR [1085] Database name empty string
2015-10-27 14:36:56 ERROR [1085] Database name empty string
2015-10-27 14:36:56 ERROR [1085] Database name empty string
2015-10-27 14:36:56 ERROR [1085] Database name empty string
2015-10-27 14:36:56 ERROR [1085] Database name empty string
2015-10-27 14:36:56 ERROR [1085] Database name empty string
2015-10-27 14:36:56 ERROR [1085] Database name empty string
2015-10-27 14:36:56 ERROR [1085] Database name empty string
2015-10-27 14:36:56 ERROR [1085] Database name empty string
2015-10-27 14:36:56 ERROR [1085] Database name empty string
2015-10-27 14:36:56 ERROR [1085] Database name empty string
2015-10-27 14:36:56 ERROR [1085] Database name empty string
2015-10-27 14:36:56 ERROR [1085] Database name empty string
2015-10-27 14:36:56 ERROR [1085] Database name empty string
2015-10-27 14:36:56 ERROR [1085] Database name empty string
2015-10-27 14:36:56 ERROR [1085] Database name empty string
2015-10-27 14:36:56 ERROR [1085] Database name empty string
2015-10-27 14:36:56 ERROR [1085] Database name empty string
2015-10-27 14:36:56 ERROR [1085] Database name empty string
2015-10-27 14:36:56 ERROR [1085] Database name empty string
2015-10-27 14:36:56 ERROR [1085] Database name empty string
2015-10-27 14:36:56 ERROR [1085] Database name empty string
2015-10-27 14:36:56 ERROR [1085] Database name empty string
2015-10-27 14:36:56 ERROR [1085] Database name empty string
2015-10-27 14:36:56 ERROR [1085] Database name empty string
2015-10-27 14:36:56 ERROR [1085] Database name empty string
2015-10-27 14:36:56 ERROR [1085] Database name empty string
2015-10-27 14:36:56 ERROR [1085] Database name empty string
2015-10-27 14:36:56 ERROR [1085] Database name empty string
2015-10-27 14:36:56 ERROR [1085] Database name empty string
2015-10-27 14:36:56 ERROR [1085] Database name empty string
2015-10-27 14:36:56 ERROR [1085] Database name empty string
2015-10-27 14:36:56 ERROR [1085] Database name empty string
2015-10-27 14:36:56 ERROR [1085] Database name empty string
2015-10-27 14:36:56 ERROR [1085] Database name empty string
2015-10-27 14:36:56 ERROR [1085] Database name empty string
2015-10-27 14:36:56 ERROR [1085] Database name empty string
2015-10-27 14:36:56 ERROR [1085] Database name empty string
2015-10-27 14:36:56 ERROR [1085] Database name empty string
2015-10-27 14:36:56 ERROR [1085] Database name empty string
2015-10-27 14:36:56 ERROR [1085] Database name empty string
2015-10-27 14:36:56 ERROR [1085] Database name empty string
2015-10-27 14:36:56 ERROR [1085] Database name empty string
2015-10-27 14:36:56 ERROR [1085] Database name empty string
2015-10-27 14:36:56 ERROR [1085] Database name empty string
2015-10-27 14:36:56 ERROR [1085] Database name empty string
2015-10-27 14:36:56 ERROR [1085] Database name empty string
2015-10-27 14:36:56 ERROR [1085] Database name empty string
2015-10-27 14:36:56 ERROR [1085] Database name empty string
2015-10-27 14:36:56 ERROR [1085] Database name empty string
2015-10-27 14:36:56 ERROR [1085] Database name empty string
2015-10-27 14:36:56 ERROR [1085] Database name empty string
2015-10-27 14:36:56 ERROR [1085] Database name empty string
2015-10-27 14:36:56 ERROR [1085] Database name empty string
2015-10-27 14:36:56 ERROR [1085] Database name empty string
2015-10-27 14:36:56 ERROR [1085] Database name empty string
2015-10-27 14:36:56 ERROR [1085] Database name empty string
2015-10-27 14:36:56 ERROR [1085] Database name empty string
2015-10-27 14:36:56 ERROR [1085] Database name empty string
2015-10-27 14:36:56 ERROR [1085] Database name empty string
2015-10-27 14:36:56 ERROR [1085] Database name empty string
2015-10-27 14:36:56 ERROR [1085] Database name empty string
2015-10-27 14:36:56 ERROR [1085] Database name empty string
2015-10-27 14:36:56 ERROR [1085] Database name empty string
2015-10-27 14:36:56 ERROR [1085] Database name empty string
2015-10-27 14:37:00 WARN  [1096] Time zone not match: +0800
2015-10-27 21:28:51 ERROR [7442] Database name empty string
2015-10-27 21:28:51 ERROR [7442] Database name empty string
2015-10-27 21:28:51 ERROR [7442] Database name empty string
2015-10-27 21:28:51 ERROR [7442] Database name empty string
2015-10-27 21:28:51 ERROR [7442] Database name empty string
2015-10-27 21:28:51 ERROR [7442] Database name empty string
2015-10-27 21:28:51 ERROR [7442] Database name empty string
2015-10-27 21:28:51 ERROR [7442] Database name empty string
2015-10-27 21:28:51 ERROR [7442] Database name empty string
2015-10-27 21:28:51 ERROR [7442] Database name empty string
2015-10-27 21:28:51 ERROR [7442] Database name empty string
2015-10-27 21:28:51 ERROR [7442] Database name empty string
2015-10-27 21:28:51 ERROR [7442] Database name empty string
2015-10-27 21:28:51 ERROR [7442] Database name empty string
2015-10-27 21:28:51 ERROR [7442] Database name empty string
2015-10-27 21:28:51 ERROR [7442] Database name empty string
2015-10-27 21:28:51 ERROR [7442] Database name empty string
2015-10-27 21:28:51 ERROR [7442] Database name empty string
2015-10-27 21:28:51 ERROR [7442] Database name empty string
2015-10-27 21:28:51 ERROR [7442] Database name empty string
2015-10-27 21:28:51 ERROR [7442] Database name empty string
2015-10-27 21:28:51 ERROR [7442] Database name empty string
2015-10-27 21:28:51 ERROR [7442] Database name empty string
2015-10-27 21:28:51 ERROR [7442] Database name empty string
2015-10-27 21:28:51 ERROR [7442] Database name empty string
2015-10-27 21:28:51 ERROR [7442] Database name empty string
2015-10-27 21:28:51 ERROR [7442] Database name empty string
2015-10-27 21:28:51 ERROR [7442] Database name empty string
2015-10-27 21:28:51 ERROR [7442] Database name empty string
2015-10-27 21:28:51 ERROR [7442] Database name empty string
2015-10-27 21:28:51 ERROR [7442] Database name empty string
2015-10-27 21:28:51 ERROR [7442] Database name empty string
2015-10-27 21:28:51 ERROR [7442] Database name empty string
2015-10-27 21:28:51 ERROR [7442] Database name empty string
2015-10-27 21:28:51 ERROR [7442] Database name empty string
2015-10-27 21:28:51 ERROR [7442] Database name empty string
2015-10-27 21:28:51 ERROR [7442] Database name empty string
2015-10-27 21:28:51 ERROR [7442] Database name empty string
2015-10-27 21:28:51 ERROR [7442] Database name empty string
2015-10-27 21:28:51 ERROR [7442] Database name empty string
2015-10-27 21:28:51 ERROR [7442] Database name empty string
2015-10-27 21:28:51 ERROR [7442] Database name empty string
2015-10-27 21:28:51 ERROR [7442] Database name empty string
2015-10-27 21:28:51 ERROR [7442] Database name empty string
2015-10-27 21:28:51 ERROR [7442] Database name empty string
2015-10-27 21:28:51 ERROR [7442] Database name empty string
2015-10-27 21:28:51 ERROR [7442] Database name empty string
2015-10-27 21:28:51 ERROR [7442] Database name empty string
2015-10-27 21:28:51 ERROR [7442] Database name empty string
2015-10-27 21:28:51 ERROR [7442] Database name empty string
2015-10-27 21:28:51 ERROR [7442] Database name empty string
2015-10-27 21:28:51 ERROR [7442] Database name empty string
2015-10-27 21:28:51 ERROR [7442] Database name empty string
2015-10-27 21:28:51 ERROR [7442] Database name empty string
2015-10-27 21:28:51 ERROR [7442] Database name empty string
2015-10-27 21:28:51 ERROR [7442] Database name empty string
2015-10-27 21:28:51 ERROR [7442] Database name empty string
2015-10-27 21:28:51 ERROR [7442] Database name empty string
2015-10-27 21:28:51 ERROR [7442] Database name empty string
2015-10-27 21:28:51 ERROR [7442] Database name empty string
2015-10-27 21:28:51 ERROR [7442] Database name empty string
2015-10-27 21:28:51 ERROR [7442] Database name empty string
2015-10-27 21:28:51 ERROR [7442] Database name empty string
2015-10-27 21:28:51 ERROR [7442] Database name empty string
2015-10-27 21:28:51 ERROR [7442] Database name empty string
2015-10-27 21:28:51 ERROR [7442] Database name empty string
2015-10-27 21:28:51 ERROR [7442] Database name empty string
2015-10-27 21:28:51 ERROR [7442] Database name empty string
2015-10-27 21:28:51 ERROR [7442] Database name empty string
2015-10-27 21:28:51 ERROR [7442] Database name empty string
2015-10-27 21:28:51 ERROR [7442] Database name empty string
2015-10-27 21:28:51 ERROR [7442] Database name empty string
2015-10-27 21:28:51 ERROR [7442] Database name empty string
2015-10-27 21:28:51 ERROR [7442] Database name empty string
2015-10-27 21:28:51 ERROR [7442] Database name empty string
2015-10-27 21:28:51 ERROR [7442] Database name empty string
2015-10-27 21:28:51 ERROR [7442] Database name empty string
2015-10-27 21:28:51 ERROR [7442] Database name empty string
2015-10-27 21:28:51 ERROR [7442] Database name empty string
2015-10-27 21:28:51 ERROR [7442] Database name empty string
2015-10-27 21:28:51 ERROR [7442] Database name empty string
2015-10-27 21:28:51 ERROR [7442] Database name empty string
2015-10-27 21:28:51 ERROR [7442] Database name empty string
2015-10-27 21:28:51 ERROR [7442] Database name empty string
2015-10-27 21:28:51 ERROR [7442] Database name empty string
2015-10-27 21:28:51 ERROR [7442] Database name empty string
2015-10-27 21:28:51 ERROR [7442] Database name empty string
2015-10-27 21:28:51 ERROR [7442] Database name empty string
2015-10-27 21:28:51 ERROR [7442] Database name empty string
2015-10-27 21:28:51 ERROR [7442] Database name empty string
2015-10-27 21:28:51 ERROR [7442] Database name empty string
2015-10-27 21:28:51 ERROR [7442] Database name empty string
2015-10-27 21:28:51 ERROR [7442] Database name empty string
2015-10-27 21:28:51 ERROR [7442] Database name empty string
2015-10-27 21:28:51 ERROR [7442] Database name empty string
2015-10-27 21:28:51 ERROR [7442] Database name empty string
2015-10-27 21:28:51 ERROR [7442] Database name empty string
2015-10-27 21:28:51 ERROR [7442] Database name empty string
2015-10-27 21:28:51 ERROR [7442] Database name empty string
2015-10-27 21:28:51 ERROR [7442] Database name empty string
2015-10-27 21:28:51 ERROR [7442] Database name empty string
2015-10-27 21:28:51 ERROR [7442] Database name empty string
2015-10-27 21:28:51 ERROR [7442] Database name empty string
2015-10-27 21:28:51 ERROR [7442] Database name empty string
2015-10-27 21:28:51 ERROR [7442] Database name empty string
2015-10-27 21:28:51 ERROR [7442] Database name empty string
2015-10-27 21:28:51 ERROR [7442] Database name empty string
2015-10-27 21:28:51 ERROR [7442] Database name empty string
2015-10-27 21:28:51 ERROR [7442] Database name empty string
2015-10-27 21:28:51 ERROR [7442] Database name empty string
2015-10-27 21:28:51 ERROR [7442] Database name empty string
2015-10-27 21:28:51 ERROR [7442] Database name empty string
2015-10-27 21:28:51 ERROR [7442] Database name empty string
2015-10-27 21:28:51 ERROR [7442] Database name empty string
2015-10-27 21:28:51 ERROR [7442] Database name empty string
2015-10-27 21:28:51 ERROR [7442] Database name empty string
2015-10-27 21:28:51 ERROR [7442] Database name empty string
2015-10-27 21:28:51 ERROR [7442] Database name empty string
2015-10-27 21:28:51 ERROR [7442] Database name empty string
2015-10-27 21:28:51 ERROR [7442] Database name empty string
2015-10-27 21:28:51 ERROR [7442] Database name empty string
2015-10-27 21:28:51 ERROR [7442] Database name empty string
2015-10-27 21:28:51 ERROR [7442] Database name empty string
2015-10-27 21:28:51 ERROR [7442] Database name empty string
2015-10-27 21:28:51 ERROR [7442] Database name empty string
2015-10-27 21:28:51 ERROR [7442] Database name empty string
2015-10-27 21:28:51 ERROR [7442] Database name empty string
2015-10-27 21:28:51 ERROR [7442] Database name empty string
2015-10-28 22:34:18 ERROR [4787] Database name empty string
2015-10-28 22:34:18 ERROR [4787] Database name empty string
2015-10-28 22:34:18 ERROR [4787] Database name empty string
2015-10-28 22:34:18 ERROR [4787] Database name empty string
2015-10-28 22:34:18 ERROR [4787] Database name empty string
2015-10-28 22:34:18 ERROR [4787] Database name empty string
2015-10-28 22:34:18 ERROR [4787] Database name empty string
2015-10-28 22:34:18 ERROR [4787] Database name empty string
2015-10-28 22:34:18 ERROR [4787] Database name empty string
2015-10-28 22:34:18 ERROR [4787] Database name empty string
2015-10-28 22:34:18 ERROR [4787] Database name empty string
2015-10-28 22:34:18 ERROR [4787] Database name empty string
2015-10-28 22:34:18 ERROR [4787] Database name empty string
2015-10-28 22:34:18 ERROR [4787] Database name empty string
2015-10-28 22:34:18 ERROR [4787] Database name empty string
2015-10-28 22:34:18 ERROR [4787] Database name empty string
2015-10-28 22:34:18 ERROR [4787] Database name empty string
2015-10-28 22:34:18 ERROR [4787] Database name empty string
2015-10-28 22:34:18 ERROR [4787] Database name empty string
2015-10-28 22:34:18 ERROR [4787] Database name empty string
2015-10-28 22:34:18 ERROR [4787] Database name empty string
2015-10-28 22:34:18 ERROR [4787] Database name empty string
2015-10-28 22:34:18 ERROR [4787] Database name empty string
2015-10-28 22:34:18 ERROR [4787] Database name empty string
2015-10-28 22:34:18 ERROR [4787] Database name empty string
2015-10-28 22:34:18 ERROR [4787] Database name empty string
2015-10-28 22:34:18 ERROR [4787] Database name empty string
2015-10-28 22:34:18 ERROR [4787] Database name empty string
2015-10-28 22:34:18 ERROR [4787] Database name empty string
2015-10-28 22:34:18 ERROR [4787] Database name empty string
2015-10-28 22:34:18 ERROR [4787] Database name empty string
2015-10-28 22:34:18 ERROR [4787] Database name empty string
2015-10-28 22:34:18 ERROR [4787] Database name empty string
2015-10-28 22:34:18 ERROR [4787] Database name empty string
2015-10-28 22:34:18 ERROR [4787] Database name empty string
2015-10-28 22:34:18 ERROR [4787] Database name empty string
2015-10-28 22:34:18 ERROR [4787] Database name empty string
2015-10-28 22:34:18 ERROR [4787] Database name empty string
2015-10-28 22:34:18 ERROR [4787] Database name empty string
2015-10-28 22:34:18 ERROR [4787] Database name empty string
2015-10-28 22:34:18 ERROR [4787] Database name empty string
2015-10-28 22:34:18 ERROR [4787] Database name empty string
2015-10-28 22:34:18 ERROR [4787] Database name empty string
2015-10-28 22:34:18 ERROR [4787] Database name empty string
2015-10-28 22:34:18 ERROR [4787] Database name empty string
2015-10-28 22:34:18 ERROR [4787] Database name empty string
2015-10-28 22:34:18 ERROR [4787] Database name empty string
2015-10-28 22:34:18 ERROR [4787] Database name empty string
2015-10-28 22:34:18 ERROR [4787] Database name empty string
2015-10-28 22:34:18 ERROR [4787] Database name empty string
2015-10-28 22:34:18 ERROR [4787] Database name empty string
2015-10-28 22:34:18 ERROR [4787] Database name empty string
2015-10-28 22:34:18 ERROR [4787] Database name empty string
2015-10-28 22:34:18 ERROR [4787] Database name empty string
2015-10-28 22:34:18 ERROR [4787] Database name empty string
2015-10-28 22:34:18 ERROR [4787] Database name empty string
2015-10-28 22:34:18 ERROR [4787] Database name empty string
2015-10-28 22:34:18 ERROR [4787] Database name empty string
2015-10-28 22:34:18 ERROR [4787] Database name empty string
2015-10-28 22:34:18 ERROR [4787] Database name empty string
2015-10-28 22:34:18 ERROR [4787] Database name empty string
2015-10-28 22:34:18 ERROR [4787] Database name empty string
2015-10-28 22:34:18 ERROR [4787] Database name empty string
2015-10-28 22:34:18 ERROR [4787] Database name empty string
2015-10-28 22:34:18 ERROR [4787] Database name empty string
2015-10-28 22:34:18 ERROR [4787] Database name empty string
2015-10-28 22:34:18 ERROR [4787] Database name empty string
2015-10-28 22:34:18 ERROR [4787] Database name empty string
2015-10-28 22:34:18 ERROR [4787] Database name empty string
2015-10-28 22:34:18 ERROR [4787] Database name empty string
2015-10-28 22:34:18 ERROR [4787] Database name empty string
2015-10-28 22:34:18 ERROR [4787] Database name empty string
2015-10-28 22:34:18 ERROR [4787] Database name empty string
2015-10-28 22:34:18 ERROR [4787] Database name empty string
2015-10-28 22:34:18 ERROR [4787] Database name empty string
2015-10-28 22:34:18 ERROR [4787] Database name empty string
2015-10-28 22:34:18 ERROR [4787] Database name empty string
2015-10-28 22:34:18 ERROR [4787] Database name empty string
2015-10-28 22:34:18 ERROR [4787] Database name empty string
2015-10-28 22:34:18 ERROR [4787] Database name empty string
2015-10-28 22:34:18 ERROR [4787] Database name empty string
2015-10-28 22:34:18 ERROR [4787] Database name empty string
2015-10-28 22:34:18 ERROR [4787] Database name empty string
2015-10-28 22:34:18 ERROR [4787] Database name empty string
2015-10-28 22:34:18 ERROR [4787] Database name empty string
2015-10-28 22:34:18 ERROR [4787] Database name empty string
2015-10-28 22:34:18 ERROR [4787] Database name empty string
2015-10-28 22:34:18 ERROR [4787] Database name empty string
2015-10-28 22:34:18 ERROR [4787] Database name empty string
2015-10-28 22:34:18 ERROR [4787] Database name empty string
2015-10-28 22:34:18 ERROR [4787] Database name empty string
2015-10-28 22:34:18 ERROR [4787] Database name empty string
2015-10-28 22:34:18 ERROR [4787] Database name empty string
2015-10-28 22:34:18 ERROR [4787] Database name empty string
2015-10-28 22:34:18 ERROR [4787] Database name empty string
2015-10-28 22:34:18 ERROR [4787] Database name empty string
2015-10-28 22:34:18 ERROR [4787] Database name empty string
2015-10-28 22:34:18 ERROR [4787] Database name empty string
2015-10-28 22:34:18 ERROR [4787] Database name empty string
2015-10-28 22:34:18 ERROR [4787] Database name empty string
2015-10-28 22:34:18 ERROR [4787] Database name empty string
2015-10-28 22:34:18 ERROR [4787] Database name empty string
2015-10-28 22:34:18 ERROR [4787] Database name empty string
2015-10-28 22:34:18 ERROR [4787] Database name empty string
2015-10-28 22:34:18 ERROR [4787] Database name empty string
2015-10-28 22:34:18 ERROR [4787] Database name empty string
2015-10-28 22:34:18 ERROR [4787] Database name empty string
2015-10-28 22:34:18 ERROR [4787] Database name empty string
2015-10-28 22:34:18 ERROR [4787] Database name empty string
2015-10-28 22:34:18 ERROR [4787] Database name empty string
2015-10-28 22:34:18 ERROR [4787] Database name empty string
2015-10-28 22:34:18 ERROR [4787] Database name empty string
2015-10-28 22:34:18 ERROR [4787] Database name empty string
2015-10-28 22:34:18 ERROR [4787] Database name empty string
2015-10-28 22:34:18 ERROR [4787] Database name empty string
2015-10-28 22:34:18 ERROR [4787] Database name empty string
2015-10-28 22:34:18 ERROR [4787] Database name empty string
2015-10-28 22:34:18 ERROR [4787] Database name empty string
2015-10-28 22:34:18 ERROR [4787] Database name empty string
2015-10-28 22:34:18 ERROR [4787] Database name empty string
2015-10-28 22:34:18 ERROR [4787] Database name empty string
2015-10-28 22:34:18 ERROR [4787] Database name empty string
2015-10-28 22:34:18 ERROR [4787] Database name empty string
2015-10-28 22:34:18 ERROR [4787] Database name empty string
2015-10-28 22:34:18 ERROR [4787] Database name empty string
2015-10-28 22:34:18 ERROR [4787] Database name empty string
2015-10-28 22:34:18 ERROR [4787] Database name empty string
2015-10-28 22:34:18 ERROR [4787] Database name empty string
2015-10-28 22:36:13 ERROR [4885] Database name empty string
2015-10-28 22:36:13 ERROR [4885] Database name empty string
2015-10-28 22:36:13 ERROR [4885] Database name empty string
2015-10-28 22:36:13 ERROR [4885] Database name empty string
2015-10-28 22:36:13 ERROR [4885] Database name empty string
2015-10-28 22:36:13 ERROR [4885] Database name empty string
2015-10-28 22:36:13 ERROR [4885] Database name empty string
2015-10-28 22:36:13 ERROR [4885] Database name empty string
2015-10-28 22:36:13 ERROR [4885] Database name empty string
2015-10-28 22:36:13 ERROR [4885] Database name empty string
2015-10-28 22:36:13 ERROR [4885] Database name empty string
2015-10-28 22:36:13 ERROR [4885] Database name empty string
2015-10-28 22:36:13 ERROR [4885] Database name empty string
2015-10-28 22:36:13 ERROR [4885] Database name empty string
2015-10-28 22:36:13 ERROR [4885] Database name empty string
2015-10-28 22:36:13 ERROR [4885] Database name empty string
2015-10-28 22:36:13 ERROR [4885] Database name empty string
2015-10-28 22:36:13 ERROR [4885] Database name empty string
2015-10-28 22:36:13 ERROR [4885] Database name empty string
2015-10-28 22:36:13 ERROR [4885] Database name empty string
2015-10-28 22:36:13 ERROR [4885] Database name empty string
2015-10-28 22:36:13 ERROR [4885] Database name empty string
2015-10-28 22:36:13 ERROR [4885] Database name empty string
2015-10-28 22:36:13 ERROR [4885] Database name empty string
2015-10-28 22:36:13 ERROR [4885] Database name empty string
2015-10-28 22:36:13 ERROR [4885] Database name empty string
2015-10-28 22:36:13 ERROR [4885] Database name empty string
2015-10-28 22:36:13 ERROR [4885] Database name empty string
2015-10-28 22:36:13 ERROR [4885] Database name empty string
2015-10-28 22:36:13 ERROR [4885] Database name empty string
2015-10-28 22:36:13 ERROR [4885] Database name empty string
2015-10-28 22:36:13 ERROR [4885] Database name empty string
2015-10-28 22:36:13 ERROR [4885] Database name empty string
2015-10-28 22:36:13 ERROR [4885] Database name empty string
2015-10-28 22:36:13 ERROR [4885] Database name empty string
2015-10-28 22:36:13 ERROR [4885] Database name empty string
2015-10-28 22:36:13 ERROR [4885] Database name empty string
2015-10-28 22:36:13 ERROR [4885] Database name empty string
2015-10-28 22:36:13 ERROR [4885] Database name empty string
2015-10-28 22:36:13 ERROR [4885] Database name empty string
2015-10-28 22:36:13 ERROR [4885] Database name empty string
2015-10-28 22:36:13 ERROR [4885] Database name empty string
2015-10-28 22:36:13 ERROR [4885] Database name empty string
2015-10-28 22:36:13 ERROR [4885] Database name empty string
2015-10-28 22:36:13 ERROR [4885] Database name empty string
2015-10-28 22:36:13 ERROR [4885] Database name empty string
2015-10-28 22:36:13 ERROR [4885] Database name empty string
2015-10-28 22:36:13 ERROR [4885] Database name empty string
2015-10-28 22:36:13 ERROR [4885] Database name empty string
2015-10-28 22:36:13 ERROR [4885] Database name empty string
2015-10-28 22:36:13 ERROR [4885] Database name empty string
2015-10-28 22:36:13 ERROR [4885] Database name empty string
2015-10-28 22:36:13 ERROR [4885] Database name empty string
2015-10-28 22:36:13 ERROR [4885] Database name empty string
2015-10-28 22:36:13 ERROR [4885] Database name empty string
2015-10-28 22:36:13 ERROR [4885] Database name empty string
2015-10-28 22:36:13 ERROR [4885] Database name empty string
2015-10-28 22:36:13 ERROR [4885] Database name empty string
2015-10-28 22:36:13 ERROR [4885] Database name empty string
2015-10-28 22:36:13 ERROR [4885] Database name empty string
2015-10-28 22:36:13 ERROR [4885] Database name empty string
2015-10-28 22:36:13 ERROR [4885] Database name empty string
2015-10-28 22:36:13 ERROR [4885] Database name empty string
2015-10-28 22:36:13 ERROR [4885] Database name empty string
2015-10-28 22:36:13 ERROR [4885] Database name empty string
2015-10-28 22:36:13 ERROR [4885] Database name empty string
2015-10-28 22:36:13 ERROR [4885] Database name empty string
2015-10-28 22:36:13 ERROR [4885] Database name empty string
2015-10-28 22:36:13 ERROR [4885] Database name empty string
2015-10-28 22:36:13 ERROR [4885] Database name empty string
2015-10-28 22:36:13 ERROR [4885] Database name empty string
2015-10-28 22:36:13 ERROR [4885] Database name empty string
2015-10-28 22:36:13 ERROR [4885] Database name empty string
2015-10-28 22:36:13 ERROR [4885] Database name empty string
2015-10-28 22:36:13 ERROR [4885] Database name empty string
2015-10-28 22:36:13 ERROR [4885] Database name empty string
2015-10-28 22:36:13 ERROR [4885] Database name empty string
2015-10-28 22:36:13 ERROR [4885] Database name empty string
2015-10-28 22:36:13 ERROR [4885] Database name empty string
2015-10-28 22:36:13 ERROR [4885] Database name empty string
2015-10-28 22:36:13 ERROR [4885] Database name empty string
2015-10-28 22:36:13 ERROR [4885] Database name empty string
2015-10-28 22:36:13 ERROR [4885] Database name empty string
2015-10-28 22:36:13 ERROR [4885] Database name empty string
2015-10-28 22:36:13 ERROR [4885] Database name empty string
2015-10-28 22:36:13 ERROR [4885] Database name empty string
2015-10-28 22:36:13 ERROR [4885] Database name empty string
2015-10-28 22:36:13 ERROR [4885] Database name empty string
2015-10-28 22:36:13 ERROR [4885] Database name empty string
2015-10-28 22:36:13 ERROR [4885] Database name empty string
2015-10-28 22:36:13 ERROR [4885] Database name empty string
2015-10-28 22:36:13 ERROR [4885] Database name empty string
2015-10-28 22:36:13 ERROR [4885] Database name empty string
2015-10-28 22:36:13 ERROR [4885] Database name empty string
2015-10-28 22:36:13 ERROR [4885] Database name empty string
2015-10-28 22:36:13 ERROR [4885] Database name empty string
2015-10-28 22:36:13 ERROR [4885] Database name empty string
2015-10-28 22:36:13 ERROR [4885] Database name empty string
2015-10-28 22:36:13 ERROR [4885] Database name empty string
2015-10-28 22:36:13 ERROR [4885] Database name empty string
2015-10-28 22:36:13 ERROR [4885] Database name empty string
2015-10-28 22:36:13 ERROR [4885] Database name empty string
2015-10-28 22:36:13 ERROR [4885] Database name empty string
2015-10-28 22:36:13 ERROR [4885] Database name empty string
2015-10-28 22:36:13 ERROR [4885] Database name empty string
2015-10-28 22:36:13 ERROR [4885] Database name empty string
2015-10-28 22:36:13 ERROR [4885] Database name empty string
2015-10-28 22:36:13 ERROR [4885] Database name empty string
2015-10-28 22:36:13 ERROR [4885] Database name empty string
2015-10-28 22:36:13 ERROR [4885] Database name empty string
2015-10-28 22:36:13 ERROR [4885] Database name empty string
2015-10-28 22:36:13 ERROR [4885] Database name empty string
2015-10-28 22:36:13 ERROR [4885] Database name empty string
2015-10-28 22:36:13 ERROR [4885] Database name empty string
2015-10-28 22:36:13 ERROR [4885] Database name empty string
2015-10-28 22:36:13 ERROR [4885] Database name empty string
2015-10-28 22:36:13 ERROR [4885] Database name empty string
2015-10-28 22:36:13 ERROR [4885] Database name empty string
2015-10-28 22:36:13 ERROR [4885] Database name empty string
2015-10-28 22:36:13 ERROR [4885] Database name empty string
2015-10-28 22:36:13 ERROR [4885] Database name empty string
2015-10-28 22:36:13 ERROR [4885] Database name empty string
2015-10-28 22:36:13 ERROR [4885] Database name empty string
2015-10-28 22:36:13 ERROR [4885] Database name empty string
2015-10-28 22:36:13 ERROR [4885] Database name empty string
2015-10-28 22:36:13 ERROR [4885] Database name empty string
2015-10-28 22:36:13 ERROR [4885] Database name empty string
2015-10-28 22:36:13 ERROR [4885] Database name empty string
2015-10-28 22:42:51 ERROR [5085] Database name empty string
2015-10-28 22:42:51 ERROR [5085] Database name empty string
2015-10-28 22:42:51 ERROR [5085] Database name empty string
2015-10-28 22:42:51 ERROR [5085] Database name empty string
2015-10-28 22:42:51 ERROR [5085] Database name empty string
2015-10-28 22:42:51 ERROR [5085] Database name empty string
2015-10-28 22:42:51 ERROR [5085] Database name empty string
2015-10-28 22:42:51 ERROR [5085] Database name empty string
2015-10-28 22:42:51 ERROR [5085] Database name empty string
2015-10-28 22:42:51 ERROR [5085] Database name empty string
2015-10-28 22:42:51 ERROR [5085] Database name empty string
2015-10-28 22:42:51 ERROR [5085] Database name empty string
2015-10-28 22:42:51 ERROR [5085] Database name empty string
2015-10-28 22:42:51 ERROR [5085] Database name empty string
2015-10-28 22:42:51 ERROR [5085] Database name empty string
2015-10-28 22:42:51 ERROR [5085] Database name empty string
2015-10-28 22:42:51 ERROR [5085] Database name empty string
2015-10-28 22:42:51 ERROR [5085] Database name empty string
2015-10-28 22:42:51 ERROR [5085] Database name empty string
2015-10-28 22:42:51 ERROR [5085] Database name empty string
2015-10-28 22:42:51 ERROR [5085] Database name empty string
2015-10-28 22:42:51 ERROR [5085] Database name empty string
2015-10-28 22:42:51 ERROR [5085] Database name empty string
2015-10-28 22:42:51 ERROR [5085] Database name empty string
2015-10-28 22:42:51 ERROR [5085] Database name empty string
2015-10-28 22:42:51 ERROR [5085] Database name empty string
2015-10-28 22:42:51 ERROR [5085] Database name empty string
2015-10-28 22:42:51 ERROR [5085] Database name empty string
2015-10-28 22:42:51 ERROR [5085] Database name empty string
2015-10-28 22:42:51 ERROR [5085] Database name empty string
2015-10-28 22:42:51 ERROR [5085] Database name empty string
2015-10-28 22:42:51 ERROR [5085] Database name empty string
2015-10-28 22:42:51 ERROR [5085] Database name empty string
2015-10-28 22:42:51 ERROR [5085] Database name empty string
2015-10-28 22:42:51 ERROR [5085] Database name empty string
2015-10-28 22:42:51 ERROR [5085] Database name empty string
2015-10-28 22:42:51 ERROR [5085] Database name empty string
2015-10-28 22:42:51 ERROR [5085] Database name empty string
2015-10-28 22:42:51 ERROR [5085] Database name empty string
2015-10-28 22:42:51 ERROR [5085] Database name empty string
2015-10-28 22:42:51 ERROR [5085] Database name empty string
2015-10-28 22:42:51 ERROR [5085] Database name empty string
2015-10-28 22:42:51 ERROR [5085] Database name empty string
2015-10-28 22:42:51 ERROR [5085] Database name empty string
2015-10-28 22:42:51 ERROR [5085] Database name empty string
2015-10-28 22:42:51 ERROR [5085] Database name empty string
2015-10-28 22:42:51 ERROR [5085] Database name empty string
2015-10-28 22:42:51 ERROR [5085] Database name empty string
2015-10-28 22:42:51 ERROR [5085] Database name empty string
2015-10-28 22:42:51 ERROR [5085] Database name empty string
2015-10-28 22:42:51 ERROR [5085] Database name empty string
2015-10-28 22:42:51 ERROR [5085] Database name empty string
2015-10-28 22:42:51 ERROR [5085] Database name empty string
2015-10-28 22:42:51 ERROR [5085] Database name empty string
2015-10-28 22:42:51 ERROR [5085] Database name empty string
2015-10-28 22:42:51 ERROR [5085] Database name empty string
2015-10-28 22:42:51 ERROR [5085] Database name empty string
2015-10-28 22:42:51 ERROR [5085] Database name empty string
2015-10-28 22:42:51 ERROR [5085] Database name empty string
2015-10-28 22:42:51 ERROR [5085] Database name empty string
2015-10-28 22:42:51 ERROR [5085] Database name empty string
2015-10-28 22:42:51 ERROR [5085] Database name empty string
2015-10-28 22:42:51 ERROR [5085] Database name empty string
2015-10-28 22:42:51 ERROR [5085] Database name empty string
2015-10-28 22:42:51 ERROR [5085] Database name empty string
2015-10-28 22:42:51 ERROR [5085] Database name empty string
2015-10-28 22:42:51 ERROR [5085] Database name empty string
2015-10-28 22:42:51 ERROR [5085] Database name empty string
2015-10-28 22:42:51 ERROR [5085] Database name empty string
2015-10-28 22:42:51 ERROR [5085] Database name empty string
2015-10-28 22:42:51 ERROR [5085] Database name empty string
2015-10-28 22:42:51 ERROR [5085] Database name empty string
2015-10-28 22:42:51 ERROR [5085] Database name empty string
2015-10-28 22:42:51 ERROR [5085] Database name empty string
2015-10-28 22:42:51 ERROR [5085] Database name empty string
2015-10-28 22:42:51 ERROR [5085] Database name empty string
2015-10-28 22:42:51 ERROR [5085] Database name empty string
2015-10-28 22:42:51 ERROR [5085] Database name empty string
2015-10-28 22:42:51 ERROR [5085] Database name empty string
2015-10-28 22:42:51 ERROR [5085] Database name empty string
2015-10-28 22:42:51 ERROR [5085] Database name empty string
2015-10-28 22:42:51 ERROR [5085] Database name empty string
2015-10-28 22:42:51 ERROR [5085] Database name empty string
2015-10-28 22:42:51 ERROR [5085] Database name empty string
2015-10-28 22:42:51 ERROR [5085] Database name empty string
2015-10-28 22:42:51 ERROR [5085] Database name empty string
2015-10-28 22:42:51 ERROR [5085] Database name empty string
2015-10-28 22:42:51 ERROR [5085] Database name empty string
2015-10-28 22:42:51 ERROR [5085] Database name empty string
2015-10-28 22:42:51 ERROR [5085] Database name empty string
2015-10-28 22:42:51 ERROR [5085] Database name empty string
2015-10-28 22:42:51 ERROR [5085] Database name empty string
2015-10-28 22:42:51 ERROR [5085] Database name empty string
2015-10-28 22:42:51 ERROR [5085] Database name empty string
2015-10-28 22:42:51 ERROR [5085] Database name empty string
2015-10-28 22:42:51 ERROR [5085] Database name empty string
2015-10-28 22:42:51 ERROR [5085] Database name empty string
2015-10-28 22:42:51 ERROR [5085] Database name empty string
2015-10-28 22:42:51 ERROR [5085] Database name empty string
2015-10-28 22:42:51 ERROR [5085] Database name empty string
2015-10-28 22:42:51 ERROR [5085] Database name empty string
2015-10-28 22:42:51 ERROR [5085] Database name empty string
2015-10-28 22:42:51 ERROR [5085] Database name empty string
2015-10-28 22:42:51 ERROR [5085] Database name empty string
2015-10-28 22:42:51 ERROR [5085] Database name empty string
2015-10-28 22:42:51 ERROR [5085] Database name empty string
2015-10-28 22:42:51 ERROR [5085] Database name empty string
2015-10-28 22:42:51 ERROR [5085] Database name empty string
2015-10-28 22:42:51 ERROR [5085] Database name empty string
2015-10-28 22:42:51 ERROR [5085] Database name empty string
2015-10-28 22:42:51 ERROR [5085] Database name empty string
2015-10-28 22:42:51 ERROR [5085] Database name empty string
2015-10-28 22:42:51 ERROR [5085] Database name empty string
2015-10-28 22:42:51 ERROR [5085] Database name empty string
2015-10-28 22:42:51 ERROR [5085] Database name empty string
2015-10-28 22:42:51 ERROR [5085] Database name empty string
2015-10-28 22:42:51 ERROR [5085] Database name empty string
2015-10-28 22:42:51 ERROR [5085] Database name empty string
2015-10-28 22:42:51 ERROR [5085] Database name empty string
2015-10-28 22:42:51 ERROR [5085] Database name empty string
2015-10-28 22:42:51 ERROR [5085] Database name empty string
2015-10-28 22:42:51 ERROR [5085] Database name empty string
2015-10-28 22:42:51 ERROR [5085] Database name empty string
2015-10-28 22:42:51 ERROR [5085] Database name empty string
2015-10-28 22:42:51 ERROR [5085] Database name empty string
2015-10-28 22:42:51 ERROR [5085] Database name empty string
2015-10-28 22:42:51 ERROR [5085] Database name empty string
2015-10-28 22:42:51 ERROR [5085] Database name empty string
2015-11-06 13:41:31 ERROR [9611] Database name empty string
2015-11-06 13:41:31 ERROR [9611] Database name empty string
2015-11-06 13:41:31 ERROR [9611] Database name empty string
2015-11-06 13:41:31 ERROR [9611] Database name empty string
2015-11-06 13:41:31 ERROR [9611] Database name empty string
2015-11-06 13:41:31 ERROR [9611] Database name empty string
2015-11-06 13:41:31 ERROR [9611] Database name empty string
2015-11-06 13:41:31 ERROR [9611] Database name empty string
2015-11-06 13:41:31 ERROR [9611] Database name empty string
2015-11-06 13:41:31 ERROR [9611] Database name empty string
2015-11-06 13:41:31 ERROR [9611] Database name empty string
2015-11-06 13:41:31 ERROR [9611] Database name empty string
2015-11-06 13:41:31 ERROR [9611] Database name empty string
2015-11-06 13:41:31 ERROR [9611] Database name empty string
2015-11-06 13:41:31 ERROR [9611] Database name empty string
2015-11-06 13:41:31 ERROR [9611] Database name empty string
2015-11-06 13:41:31 ERROR [9611] Database name empty string
2015-11-06 13:41:31 ERROR [9611] Database name empty string
2015-11-06 13:41:31 ERROR [9611] Database name empty string
2015-11-06 13:41:31 ERROR [9611] Database name empty string
2015-11-06 13:41:31 ERROR [9611] Database name empty string
2015-11-06 13:41:31 ERROR [9611] Database name empty string
2015-11-06 13:41:31 ERROR [9611] Database name empty string
2015-11-06 13:41:31 ERROR [9611] Database name empty string
2015-11-06 13:41:31 ERROR [9611] Database name empty string
2015-11-06 13:41:31 ERROR [9611] Database name empty string
2015-11-06 13:41:31 ERROR [9611] Database name empty string
2015-11-06 13:41:31 ERROR [9611] Database name empty string
2015-11-06 13:41:31 ERROR [9611] Database name empty string
2015-11-06 13:41:31 ERROR [9611] Database name empty string
2015-11-06 13:41:31 ERROR [9611] Database name empty string
2015-11-06 13:41:31 ERROR [9611] Database name empty string
2015-11-06 13:41:31 ERROR [9611] Database name empty string
2015-11-06 13:41:31 ERROR [9611] Database name empty string
2015-11-06 13:41:31 ERROR [9611] Database name empty string
2015-11-06 13:41:31 ERROR [9611] Database name empty string
2015-11-06 13:41:31 ERROR [9611] Database name empty string
2015-11-06 13:41:31 ERROR [9611] Database name empty string
2015-11-06 13:41:31 ERROR [9611] Database name empty string
2015-11-06 13:41:31 ERROR [9611] Database name empty string
2015-11-06 13:41:31 ERROR [9611] Database name empty string
2015-11-06 13:41:31 ERROR [9611] Database name empty string
2015-11-06 13:41:31 ERROR [9611] Database name empty string
2015-11-06 13:41:31 ERROR [9611] Database name empty string
2015-11-06 13:41:31 ERROR [9611] Database name empty string
2015-11-06 13:41:31 ERROR [9611] Database name empty string
2015-11-06 13:41:31 ERROR [9611] Database name empty string
2015-11-06 13:41:31 ERROR [9611] Database name empty string
2015-11-06 13:41:31 ERROR [9611] Database name empty string
2015-11-06 13:41:31 ERROR [9611] Database name empty string
2015-11-06 13:41:31 ERROR [9611] Database name empty string
2015-11-06 13:41:31 ERROR [9611] Database name empty string
2015-11-06 13:41:31 ERROR [9611] Database name empty string
2015-11-06 13:41:31 ERROR [9611] Database name empty string
2015-11-06 13:41:31 ERROR [9611] Database name empty string
2015-11-06 13:41:31 ERROR [9611] Database name empty string
2015-11-06 13:41:31 ERROR [9611] Database name empty string
2015-11-06 13:41:31 ERROR [9611] Database name empty string
2015-11-06 13:41:31 ERROR [9611] Database name empty string
2015-11-06 13:41:31 ERROR [9611] Database name empty string
2015-11-06 13:41:31 ERROR [9611] Database name empty string
2015-11-06 13:41:31 ERROR [9611] Database name empty string
2015-11-06 13:41:31 ERROR [9611] Database name empty string
2015-11-06 13:41:31 ERROR [9611] Database name empty string
2015-11-06 13:41:31 ERROR [9611] Database name empty string
2015-11-06 13:41:31 ERROR [9611] Database name empty string
2015-11-06 13:41:31 ERROR [9611] Database name empty string
2015-11-06 13:41:31 ERROR [9611] Database name empty string
2015-11-06 13:41:31 ERROR [9611] Database name empty string
2015-11-06 13:41:31 ERROR [9611] Database name empty string
2015-11-06 13:41:31 ERROR [9611] Database name empty string
2015-11-06 13:41:31 ERROR [9611] Database name empty string
2015-11-06 13:41:31 ERROR [9611] Database name empty string
2015-11-06 13:41:31 ERROR [9611] Database name empty string
2015-11-06 13:41:31 ERROR [9611] Database name empty string
2015-11-06 13:41:31 ERROR [9611] Database name empty string
2015-11-06 13:41:31 ERROR [9611] Database name empty string
2015-11-06 13:41:31 ERROR [9611] Database name empty string
2015-11-06 13:41:31 ERROR [9611] Database name empty string
2015-11-06 13:41:31 ERROR [9611] Database name empty string
2015-11-06 13:41:31 ERROR [9611] Database name empty string
2015-11-06 13:41:31 ERROR [9611] Database name empty string
2015-11-06 13:41:31 ERROR [9611] Database name empty string
2015-11-06 13:41:31 ERROR [9611] Database name empty string
2015-11-06 13:41:31 ERROR [9611] Database name empty string
2015-11-06 13:41:31 ERROR [9611] Database name empty string
2015-11-06 13:41:31 ERROR [9611] Database name empty string
2015-11-06 13:41:31 ERROR [9611] Database name empty string
2015-11-06 13:41:31 ERROR [9611] Database name empty string
2015-11-06 13:41:31 ERROR [9611] Database name empty string
2015-11-06 13:41:31 ERROR [9611] Database name empty string
2015-11-06 13:41:31 ERROR [9611] Database name empty string
2015-11-06 13:41:31 ERROR [9611] Database name empty string
2015-11-06 13:41:31 ERROR [9611] Database name empty string
2015-11-06 13:41:31 ERROR [9611] Database name empty string
2015-11-06 13:41:31 ERROR [9611] Database name empty string
2015-11-06 13:41:31 ERROR [9611] Database name empty string
2015-11-06 13:41:31 ERROR [9611] Database name empty string
2015-11-06 13:41:31 ERROR [9611] Database name empty string
2015-11-06 13:41:31 ERROR [9611] Database name empty string
2015-11-06 13:41:31 ERROR [9611] Database name empty string
2015-11-06 13:41:31 ERROR [9611] Database name empty string
2015-11-06 13:41:31 ERROR [9611] Database name empty string
2015-11-06 13:41:31 ERROR [9611] Database name empty string
2015-11-06 13:41:31 ERROR [9611] Database name empty string
2015-11-06 13:41:31 ERROR [9611] Database name empty string
2015-11-06 13:41:31 ERROR [9611] Database name empty string
2015-11-06 13:41:31 ERROR [9611] Database name empty string
2015-11-06 13:41:31 ERROR [9611] Database name empty string
2015-11-06 13:41:31 ERROR [9611] Database name empty string
2015-11-06 13:41:31 ERROR [9611] Database name empty string
2015-11-06 13:41:31 ERROR [9611] Database name empty string
2015-11-06 13:41:31 ERROR [9611] Database name empty string
2015-11-06 13:41:31 ERROR [9611] Database name empty string
2015-11-06 13:41:31 ERROR [9611] Database name empty string
2015-11-06 13:41:31 ERROR [9611] Database name empty string
2015-11-06 13:41:31 ERROR [9611] Database name empty string
2015-11-06 13:41:31 ERROR [9611] Database name empty string
2015-11-06 13:41:31 ERROR [9611] Database name empty string
2015-11-06 13:41:31 ERROR [9611] Database name empty string
2015-11-06 13:41:31 ERROR [9611] Database name empty string
2015-11-06 13:41:31 ERROR [9611] Database name empty string
2015-11-06 13:41:31 ERROR [9611] Database name empty string
2015-11-06 13:41:31 ERROR [9611] Database name empty string
2015-11-06 13:41:31 ERROR [9611] Database name empty string
2015-11-06 13:41:31 ERROR [9611] Database name empty string
2015-11-06 13:41:31 ERROR [9611] Database name empty string
2015-11-06 13:41:31 ERROR [9611] Database name empty string
2015-11-06 13:42:34 ERROR [9632] Database name empty string
2015-11-06 13:42:34 ERROR [9632] Database name empty string
2015-11-06 13:42:34 ERROR [9632] Database name empty string
2015-11-06 13:42:34 ERROR [9632] Database name empty string
2015-11-06 13:42:34 ERROR [9632] Database name empty string
2015-11-06 13:42:34 ERROR [9632] Database name empty string
2015-11-06 13:42:34 ERROR [9632] Database name empty string
2015-11-06 13:42:34 ERROR [9632] Database name empty string
2015-11-06 13:42:34 ERROR [9632] Database name empty string
2015-11-06 13:42:34 ERROR [9632] Database name empty string
2015-11-06 13:42:34 ERROR [9632] Database name empty string
2015-11-06 13:42:34 ERROR [9632] Database name empty string
2015-11-06 13:42:34 ERROR [9632] Database name empty string
2015-11-06 13:42:34 ERROR [9632] Database name empty string
2015-11-06 13:42:34 ERROR [9632] Database name empty string
2015-11-06 13:42:34 ERROR [9632] Database name empty string
2015-11-06 13:42:34 ERROR [9632] Database name empty string
2015-11-06 13:42:34 ERROR [9632] Database name empty string
2015-11-06 13:42:34 ERROR [9632] Database name empty string
2015-11-06 13:42:34 ERROR [9632] Database name empty string
2015-11-06 13:42:34 ERROR [9632] Database name empty string
2015-11-06 13:42:34 ERROR [9632] Database name empty string
2015-11-06 13:42:34 ERROR [9632] Database name empty string
2015-11-06 13:42:34 ERROR [9632] Database name empty string
2015-11-06 13:42:34 ERROR [9632] Database name empty string
2015-11-06 13:42:34 ERROR [9632] Database name empty string
2015-11-06 13:42:34 ERROR [9632] Database name empty string
2015-11-06 13:42:34 ERROR [9632] Database name empty string
2015-11-06 13:42:34 ERROR [9632] Database name empty string
2015-11-06 13:42:34 ERROR [9632] Database name empty string
2015-11-06 13:42:34 ERROR [9632] Database name empty string
2015-11-06 13:42:34 ERROR [9632] Database name empty string
2015-11-06 13:42:34 ERROR [9632] Database name empty string
2015-11-06 13:42:34 ERROR [9632] Database name empty string
2015-11-06 13:42:34 ERROR [9632] Database name empty string
2015-11-06 13:42:34 ERROR [9632] Database name empty string
2015-11-06 13:42:34 ERROR [9632] Database name empty string
2015-11-06 13:42:34 ERROR [9632] Database name empty string
2015-11-06 13:42:34 ERROR [9632] Database name empty string
2015-11-06 13:42:34 ERROR [9632] Database name empty string
2015-11-06 13:42:34 ERROR [9632] Database name empty string
2015-11-06 13:42:34 ERROR [9632] Database name empty string
2015-11-06 13:42:34 ERROR [9632] Database name empty string
2015-11-06 13:42:34 ERROR [9632] Database name empty string
2015-11-06 13:42:34 ERROR [9632] Database name empty string
2015-11-06 13:42:34 ERROR [9632] Database name empty string
2015-11-06 13:42:34 ERROR [9632] Database name empty string
2015-11-06 13:42:34 ERROR [9632] Database name empty string
2015-11-06 13:42:34 ERROR [9632] Database name empty string
2015-11-06 13:42:34 ERROR [9632] Database name empty string
2015-11-06 13:42:34 ERROR [9632] Database name empty string
2015-11-06 13:42:34 ERROR [9632] Database name empty string
2015-11-06 13:42:34 ERROR [9632] Database name empty string
2015-11-06 13:42:34 ERROR [9632] Database name empty string
2015-11-06 13:42:34 ERROR [9632] Database name empty string
2015-11-06 13:42:34 ERROR [9632] Database name empty string
2015-11-06 13:42:34 ERROR [9632] Database name empty string
2015-11-06 13:42:34 ERROR [9632] Database name empty string
2015-11-06 13:42:34 ERROR [9632] Database name empty string
2015-11-06 13:42:34 ERROR [9632] Database name empty string
2015-11-06 13:42:34 ERROR [9632] Database name empty string
2015-11-06 13:42:34 ERROR [9632] Database name empty string
2015-11-06 13:42:34 ERROR [9632] Database name empty string
2015-11-06 13:42:34 ERROR [9632] Database name empty string
2015-11-06 13:42:34 ERROR [9632] Database name empty string
2015-11-06 13:42:34 ERROR [9632] Database name empty string
2015-11-06 13:42:34 ERROR [9632] Database name empty string
2015-11-06 13:42:34 ERROR [9632] Database name empty string
2015-11-06 13:42:34 ERROR [9632] Database name empty string
2015-11-06 13:42:34 ERROR [9632] Database name empty string
2015-11-06 13:42:34 ERROR [9632] Database name empty string
2015-11-06 13:42:34 ERROR [9632] Database name empty string
2015-11-06 13:42:34 ERROR [9632] Database name empty string
2015-11-06 13:42:34 ERROR [9632] Database name empty string
2015-11-06 13:42:34 ERROR [9632] Database name empty string
2015-11-06 13:42:34 ERROR [9632] Database name empty string
2015-11-06 13:42:34 ERROR [9632] Database name empty string
2015-11-06 13:42:34 ERROR [9632] Database name empty string
2015-11-06 13:42:34 ERROR [9632] Database name empty string
2015-11-06 13:42:34 ERROR [9632] Database name empty string
2015-11-06 13:42:34 ERROR [9632] Database name empty string
2015-11-06 13:42:34 ERROR [9632] Database name empty string
2015-11-06 13:42:34 ERROR [9632] Database name empty string
2015-11-06 13:42:34 ERROR [9632] Database name empty string
2015-11-06 13:42:34 ERROR [9632] Database name empty string
2015-11-06 13:42:34 ERROR [9632] Database name empty string
2015-11-06 13:42:34 ERROR [9632] Database name empty string
2015-11-06 13:42:34 ERROR [9632] Database name empty string
2015-11-06 13:42:34 ERROR [9632] Database name empty string
2015-11-06 13:42:34 ERROR [9632] Database name empty string
2015-11-06 13:42:34 ERROR [9632] Database name empty string
2015-11-06 13:42:34 ERROR [9632] Database name empty string
2015-11-06 13:42:34 ERROR [9632] Database name empty string
2015-11-06 13:42:34 ERROR [9632] Database name empty string
2015-11-06 13:42:34 ERROR [9632] Database name empty string
2015-11-06 13:42:34 ERROR [9632] Database name empty string
2015-11-06 13:42:34 ERROR [9632] Database name empty string
2015-11-06 13:42:34 ERROR [9632] Database name empty string
2015-11-06 13:42:34 ERROR [9632] Database name empty string
2015-11-06 13:42:34 ERROR [9632] Database name empty string
2015-11-06 13:42:34 ERROR [9632] Database name empty string
2015-11-06 13:42:34 ERROR [9632] Database name empty string
2015-11-06 13:42:34 ERROR [9632] Database name empty string
2015-11-06 13:42:34 ERROR [9632] Database name empty string
2015-11-06 13:42:34 ERROR [9632] Database name empty string
2015-11-06 13:42:34 ERROR [9632] Database name empty string
2015-11-06 13:42:34 ERROR [9632] Database name empty string
2015-11-06 13:42:34 ERROR [9632] Database name empty string
2015-11-06 13:42:34 ERROR [9632] Database name empty string
2015-11-06 13:42:34 ERROR [9632] Database name empty string
2015-11-06 13:42:34 ERROR [9632] Database name empty string
2015-11-06 13:42:34 ERROR [9632] Database name empty string
2015-11-06 13:42:34 ERROR [9632] Database name empty string
2015-11-06 13:42:34 ERROR [9632] Database name empty string
2015-11-06 13:42:34 ERROR [9632] Database name empty string
2015-11-06 13:42:34 ERROR [9632] Database name empty string
2015-11-06 13:42:34 ERROR [9632] Database name empty string
2015-11-06 13:42:34 ERROR [9632] Database name empty string
2015-11-06 13:42:34 ERROR [9632] Database name empty string
2015-11-06 13:42:34 ERROR [9632] Database name empty string
2015-11-06 13:42:34 ERROR [9632] Database name empty string
2015-11-06 13:42:34 ERROR [9632] Database name empty string
2015-11-06 13:42:34 ERROR [9632] Database name empty string
2015-11-06 13:42:34 ERROR [9632] Database name empty string
2015-11-06 13:42:34 ERROR [9632] Database name empty string
2015-11-06 13:42:34 ERROR [9632] Database name empty string
2015-11-06 13:42:34 ERROR [9632] Database name empty string
2015-11-06 13:42:34 ERROR [9632] Database name empty string
2015-11-06 13:57:04 ERROR [10209] Database name empty string
2015-11-06 13:57:04 ERROR [10209] Database name empty string
2015-11-06 13:57:04 ERROR [10209] Database name empty string
2015-11-06 13:57:04 ERROR [10209] Database name empty string
2015-11-06 13:57:04 ERROR [10209] Database name empty string
2015-11-06 13:57:04 ERROR [10209] Database name empty string
2015-11-06 13:57:04 ERROR [10209] Database name empty string
2015-11-06 13:57:04 ERROR [10209] Database name empty string
2015-11-06 13:57:04 ERROR [10209] Database name empty string
2015-11-06 13:57:04 ERROR [10209] Database name empty string
2015-11-06 13:57:04 ERROR [10209] Database name empty string
2015-11-06 13:57:04 ERROR [10209] Database name empty string
2015-11-06 13:57:04 ERROR [10209] Database name empty string
2015-11-06 13:57:04 ERROR [10209] Database name empty string
2015-11-06 13:57:04 ERROR [10209] Database name empty string
2015-11-06 13:57:04 ERROR [10209] Database name empty string
2015-11-06 13:57:04 ERROR [10209] Database name empty string
2015-11-06 13:57:04 ERROR [10209] Database name empty string
2015-11-06 13:57:04 ERROR [10209] Database name empty string
2015-11-06 13:57:04 ERROR [10209] Database name empty string
2015-11-06 13:57:04 ERROR [10209] Database name empty string
2015-11-06 13:57:04 ERROR [10209] Database name empty string
2015-11-06 13:57:04 ERROR [10209] Database name empty string
2015-11-06 13:57:04 ERROR [10209] Database name empty string
2015-11-06 13:57:04 ERROR [10209] Database name empty string
2015-11-06 13:57:04 ERROR [10209] Database name empty string
2015-11-06 13:57:04 ERROR [10209] Database name empty string
2015-11-06 13:57:04 ERROR [10209] Database name empty string
2015-11-06 13:57:04 ERROR [10209] Database name empty string
2015-11-06 13:57:04 ERROR [10209] Database name empty string
2015-11-06 13:57:04 ERROR [10209] Database name empty string
2015-11-06 13:57:04 ERROR [10209] Database name empty string
2015-11-06 13:57:04 ERROR [10209] Database name empty string
2015-11-06 13:57:04 ERROR [10209] Database name empty string
2015-11-06 13:57:04 ERROR [10209] Database name empty string
2015-11-06 13:57:04 ERROR [10209] Database name empty string
2015-11-06 13:57:04 ERROR [10209] Database name empty string
2015-11-06 13:57:04 ERROR [10209] Database name empty string
2015-11-06 13:57:04 ERROR [10209] Database name empty string
2015-11-06 13:57:04 ERROR [10209] Database name empty string
2015-11-06 13:57:04 ERROR [10209] Database name empty string
2015-11-06 13:57:04 ERROR [10209] Database name empty string
2015-11-06 13:57:04 ERROR [10209] Database name empty string
2015-11-06 13:57:04 ERROR [10209] Database name empty string
2015-11-06 13:57:04 ERROR [10209] Database name empty string
2015-11-06 13:57:04 ERROR [10209] Database name empty string
2015-11-06 13:57:04 ERROR [10209] Database name empty string
2015-11-06 13:57:04 ERROR [10209] Database name empty string
2015-11-06 13:57:04 ERROR [10209] Database name empty string
2015-11-06 13:57:04 ERROR [10209] Database name empty string
2015-11-06 13:57:04 ERROR [10209] Database name empty string
2015-11-06 13:57:04 ERROR [10209] Database name empty string
2015-11-06 13:57:04 ERROR [10209] Database name empty string
2015-11-06 13:57:04 ERROR [10209] Database name empty string
2015-11-06 13:57:04 ERROR [10209] Database name empty string
2015-11-06 13:57:04 ERROR [10209] Database name empty string
2015-11-06 13:57:04 ERROR [10209] Database name empty string
2015-11-06 13:57:04 ERROR [10209] Database name empty string
2015-11-06 13:57:04 ERROR [10209] Database name empty string
2015-11-06 13:57:04 ERROR [10209] Database name empty string
2015-11-06 13:57:04 ERROR [10209] Database name empty string
2015-11-06 13:57:04 ERROR [10209] Database name empty string
2015-11-06 13:57:04 ERROR [10209] Database name empty string
2015-11-06 13:57:04 ERROR [10209] Database name empty string
2015-11-06 13:57:04 ERROR [10209] Database name empty string
2015-11-06 13:57:04 ERROR [10209] Database name empty string
2015-11-06 13:57:04 ERROR [10209] Database name empty string
2015-11-06 13:57:04 ERROR [10209] Database name empty string
2015-11-06 13:57:04 ERROR [10209] Database name empty string
2015-11-06 13:57:04 ERROR [10209] Database name empty string
2015-11-06 13:57:04 ERROR [10209] Database name empty string
2015-11-06 13:57:04 ERROR [10209] Database name empty string
2015-11-06 13:57:04 ERROR [10209] Database name empty string
2015-11-06 13:57:04 ERROR [10209] Database name empty string
2015-11-06 13:57:04 ERROR [10209] Database name empty string
2015-11-06 13:57:04 ERROR [10209] Database name empty string
2015-11-06 13:57:04 ERROR [10209] Database name empty string
2015-11-06 13:57:04 ERROR [10209] Database name empty string
2015-11-06 13:57:04 ERROR [10209] Database name empty string
2015-11-06 13:57:04 ERROR [10209] Database name empty string
2015-11-06 13:57:04 ERROR [10209] Database name empty string
2015-11-06 13:57:04 ERROR [10209] Database name empty string
2015-11-06 13:57:04 ERROR [10209] Database name empty string
2015-11-06 13:57:04 ERROR [10209] Database name empty string
2015-11-06 13:57:04 ERROR [10209] Database name empty string
2015-11-06 13:57:04 ERROR [10209] Database name empty string
2015-11-06 13:57:04 ERROR [10209] Database name empty string
2015-11-06 13:57:04 ERROR [10209] Database name empty string
2015-11-06 13:57:04 ERROR [10209] Database name empty string
2015-11-06 13:57:04 ERROR [10209] Database name empty string
2015-11-06 13:57:04 ERROR [10209] Database name empty string
2015-11-06 13:57:04 ERROR [10209] Database name empty string
2015-11-06 13:57:04 ERROR [10209] Database name empty string
2015-11-06 13:57:04 ERROR [10209] Database name empty string
2015-11-06 13:57:04 ERROR [10209] Database name empty string
2015-11-06 13:57:04 ERROR [10209] Database name empty string
2015-11-06 13:57:04 ERROR [10209] Database name empty string
2015-11-06 13:57:04 ERROR [10209] Database name empty string
2015-11-06 13:57:04 ERROR [10209] Database name empty string
2015-11-06 13:57:04 ERROR [10209] Database name empty string
2015-11-06 13:57:04 ERROR [10209] Database name empty string
2015-11-06 13:57:04 ERROR [10209] Database name empty string
2015-11-06 13:57:04 ERROR [10209] Database name empty string
2015-11-06 13:57:04 ERROR [10209] Database name empty string
2015-11-06 13:57:04 ERROR [10209] Database name empty string
2015-11-06 13:57:04 ERROR [10209] Database name empty string
2015-11-06 13:57:04 ERROR [10209] Database name empty string
2015-11-06 13:57:04 ERROR [10209] Database name empty string
2015-11-06 13:57:04 ERROR [10209] Database name empty string
2015-11-06 13:57:04 ERROR [10209] Database name empty string
2015-11-06 13:57:04 ERROR [10209] Database name empty string
2015-11-06 13:57:04 ERROR [10209] Database name empty string
2015-11-06 13:57:04 ERROR [10209] Database name empty string
2015-11-06 13:57:04 ERROR [10209] Database name empty string
2015-11-06 13:57:04 ERROR [10209] Database name empty string
2015-11-06 13:57:04 ERROR [10209] Database name empty string
2015-11-06 13:57:04 ERROR [10209] Database name empty string
2015-11-06 13:57:04 ERROR [10209] Database name empty string
2015-11-06 13:57:04 ERROR [10209] Database name empty string
2015-11-06 13:57:04 ERROR [10209] Database name empty string
2015-11-06 13:57:04 ERROR [10209] Database name empty string
2015-11-06 13:57:04 ERROR [10209] Database name empty string
2015-11-06 13:57:04 ERROR [10209] Database name empty string
2015-11-06 13:57:04 ERROR [10209] Database name empty string
2015-11-06 13:57:04 ERROR [10209] Database name empty string
2015-11-06 13:57:04 ERROR [10209] Database name empty string
2015-11-06 13:57:04 ERROR [10209] Database name empty string
2015-11-06 13:57:04 ERROR [10209] Database name empty string
2015-11-12 12:09:20 WARN  [44820] Unsupported MPM: hybrid  (Linux only)
2015-11-12 12:29:17 WARN  [52246] Unsupported MPM: hybrid  (Linux only)
2015-11-12 12:32:22 WARN  [53236] Unsupported MPM: hybrid  (Linux only)
2015-11-12 14:13:51 WARN  [60573] Unsupported MPM: hybrid  (Linux only)
2015-11-12 14:16:25 WARN  [61594] Unsupported MPM: hybrid  (Linux only)
2015-11-12 14:25:23 WARN  [65503] Unsupported MPM: hybrid  (Linux only)
2015-11-12 14:29:32 WARN  [67419] Unsupported MPM: hybrid  (Linux only)
2015-11-12 14:31:44 WARN  [68631] Unsupported MPM: hybrid  (Linux only)
2015-11-12 14:34:06 WARN  [69476] Unsupported MPM: hybrid  (Linux only)
2015-11-12 14:35:20 WARN  [70202] Unsupported MPM: hybrid  (Linux only)
2015-11-12 14:36:53 WARN  [71100] Unsupported MPM: hybrid  (Linux only)
2015-11-12 14:37:28 WARN  [71672] Unsupported MPM: hybrid  (Linux only)
2015-11-12 15:19:11 WARN  [75340] Unsupported MPM: hybrid  (Linux only)
2015-11-12 15:30:11 WARN  [77450] Unsupported MPM: hybrid  (Linux only)
2015-11-12 15:31:20 WARN  [78073] Unsupported MPM: hybrid  (Linux only)
2015-11-12 15:33:25 WARN  [78565] Unsupported MPM: hybrid  (Linux only)
2015-11-12 15:35:29 WARN  [79505] Unsupported MPM: hybrid  (Linux only)
2015-11-12 15:41:39 WARN  [80941] Unsupported MPM: hybrid  (Linux only)
2015-11-12 16:19:17 WARN  [89895] Unsupported MPM: hybrid  (Linux only)
2015-11-12 20:58:42 WARN  [167352] Unsupported MPM: hybrid  (Linux only)
2015-11-12 21:32:36 WARN  [177243] Unsupported MPM: hybrid  (Linux only)
2015-11-13 08:04:40 WARN  [5425] Unsupported MPM: hybrid  (Linux only)
2015-11-13 08:05:26 WARN  [6096] Unsupported MPM: hybrid  (Linux only)
2015-11-13 08:30:34 WARN  [12847] Unsupported MPM: hybrid  (Linux only)
2015-11-13 08:39:07 WARN  [18064] Unsupported MPM: hybrid  (Linux only)
2015-11-13 08:51:25 WARN  [21793] Unsupported MPM: hybrid  (Linux only)
2015-11-13 09:00:14 WARN  [25070] Unsupported MPM: hybrid  (Linux only)
2015-11-13 09:03:10 WARN  [26940] Unsupported MPM: hybrid  (Linux only)
2015-11-13 09:03:16 WARN  [27045] Unsupported MPM: hybrid  (Linux only)
2015-11-13 09:10:09 WARN  [29602] Unsupported MPM: hybrid  (Linux only)
2015-11-13 09:13:12 WARN  [31081] Unsupported MPM: hybrid  (Linux only)
2015-11-13 09:14:06 WARN  [31764] Unsupported MPM: hybrid  (Linux only)
2015-11-13 09:29:42 WARN  [34807] Unsupported MPM: hybrid  (Linux only)
2015-11-13 12:59:55 WARN  [81348] Unsupported MPM: hybrid  (Linux only)
2015-11-13 13:26:07 WARN  [91051] Unsupported MPM: hybrid  (Linux only)
2015-11-13 13:35:18 WARN  [96858] Unsupported MPM: hybrid  (Linux only)
2015-11-13 14:01:17 WARN  [107519] Unsupported MPM: hybrid  (Linux only)
2015-11-13 14:05:43 WARN  [111426] Unsupported MPM: hybrid  (Linux only)
2015-11-13 14:06:19 WARN  [111749] Unsupported MPM: hybrid  (Linux only)
2015-11-13 14:14:15 WARN  [115849] Unsupported MPM: hybrid  (Linux only)
2015-11-13 14:18:23 WARN  [117973] Unsupported MPM: hybrid  (Linux only)
2015-11-13 14:18:41 WARN  [118307] Unsupported MPM: hybrid  (Linux only)
2015-11-13 14:32:37 WARN  [126078] Unsupported MPM: hybrid  (Linux only)
2015-11-13 14:40:32 WARN  [129923] Unsupported MPM: hybrid  (Linux only)
2015-11-13 14:56:47 WARN  [135424] Unsupported MPM: hybrid  (Linux only)
2015-11-13 14:58:48 WARN  [136839] Unsupported MPM: hybrid  (Linux only)
2015-11-13 15:11:30 WARN  [146370] socket error: waitForBytesWritten function [The remote host closed the connection]
2015-11-13 15:11:30 WARN  [146818] socket write error: total:160000 (-1)
2015-11-13 15:13:54 WARN  [148974] socket write error: total:147200 (-1)
2015-11-13 15:13:54 WARN  [148984] socket error: waitForBytesWritten function [The remote host closed the connection]
2015-11-13 15:13:55 WARN  [148991] socket error: waitForBytesWritten function [The remote host closed the connection]
2015-11-13 15:14:02 WARN  [148975] socket error: waitForBytesWritten function [The remote host closed the connection]
2015-11-13 15:16:28 WARN  [149812] socket error: waitForBytesWritten function [The remote host closed the connection]
2015-11-13 15:16:47 WARN  [149811] socket error: waitForBytesWritten function [The remote host closed the connection]
2015-11-13 15:16:47 WARN  [149859] socket error: waitForBytesWritten function [The remote host closed the connection]
2015-11-13 15:17:21 WARN  [149975] socket error: waitForBytesWritten function [The remote host closed the connection]
2015-11-13 15:17:21 WARN  [149976] socket error: waitForBytesWritten function [The remote host closed the connection]
2015-11-13 15:17:23 WARN  [150003] socket error: waitForBytesWritten function [The remote host closed the connection]
2015-11-14 18:31:03 WARN  [40841] Unsupported MPM: hybrid  (Linux only)
2015-11-14 18:31:17 WARN  [40955] Unsupported MPM: hybrid  (Linux only)
2015-11-14 18:32:10 WARN  [41434] Unsupported MPM: hybrid  (Linux only)
2015-11-17 10:03:01 WARN  [35495] Unsupported MPM: hybrid  (Linux only)
2015-11-17 10:10:50 WARN  [38383] Unsupported MPM: hybrid  (Linux only)
2015-11-17 10:18:13 WARN  [40169] Unsupported MPM: hybrid  (Linux only)
2015-11-17 10:37:44 WARN  [47621] Unsupported MPM: hybrid  (Linux only)
2015-11-17 15:04:38 WARN  [96630] Unsupported MPM: hybrid  (Linux only)
2015-11-17 15:10:52 WARN  [99011] Unsupported MPM: hybrid  (Linux only)
2015-11-17 16:39:34 WARN  [120448] Unsupported MPM: hybrid  (Linux only)
2015-11-17 17:50:39 WARN  [132198] Unsupported MPM: hybrid  (Linux only)
2015-11-17 20:24:01 WARN  [179872] Unsupported MPM: hybrid  (Linux only)
2015-11-18 01:27:31 WARN  [28626] Unsupported MPM: hybrid  (Linux only)
2015-12-06 08:22:51 WARN  [40789] Unsupported MPM: hybrid  (Linux only)
2015-12-06 10:10:41 WARN  [86160] Unsupported MPM: hybrid  (Linux only)
2015-12-06 10:11:53 WARN  [86530] invalid name: id
2015-12-06 10:11:53 WARN  [86530] invalid name: data
2015-12-06 10:11:53 WARN  [86530] invalid name: updated_at
2015-12-06 10:11:53 WARN  [86530] SQL statement error, no fields to insert
2015-12-06 10:13:43 WARN  [86841] invalid name: id
2015-12-06 10:13:43 WARN  [86841] invalid name: data
2015-12-06 10:13:43 WARN  [86841] invalid name: updated_at
2015-12-06 10:13:43 WARN  [86841] SQL statement error, no fields to insert
2015-12-06 10:17:33 WARN  [88240] invalid name: id
2015-12-06 10:17:33 WARN  [88240] invalid name: data
2015-12-06 10:17:33 WARN  [88240] invalid name: updated_at
2015-12-06 10:17:33 WARN  [88240] SQL statement error, no fields to insert
2015-12-06 10:18:24 WARN  [88918] Unsupported MPM: hybrid  (Linux only)
2015-12-06 10:18:30 WARN  [88945] invalid name: id
2015-12-06 10:18:30 WARN  [88945] invalid name: data
2015-12-06 10:18:30 WARN  [88945] invalid name: updated_at
2015-12-06 10:18:30 WARN  [88945] SQL statement error, no fields to insert
2015-12-06 10:18:35 WARN  [88945] invalid name: id
2015-12-06 10:18:35 WARN  [88945] invalid name: data
2015-12-06 10:18:35 WARN  [88945] invalid name: updated_at
2015-12-06 10:18:35 WARN  [88945] SQL statement error, no fields to insert
2015-12-06 10:18:41 WARN  [88945] invalid name: id
2015-12-06 10:18:41 WARN  [88945] invalid name: data
2015-12-06 10:18:41 WARN  [88945] invalid name: updated_at
2015-12-06 10:18:41 WARN  [88945] SQL statement error, no fields to insert
2015-12-06 10:19:19 WARN  [89323] Unsupported MPM: hybrid  (Linux only)
2015-12-06 10:19:56 WARN  [89638] invalid name: id
2015-12-06 10:19:56 WARN  [89638] invalid name: data
2015-12-06 10:19:56 WARN  [89638] invalid name: updated_at
2015-12-06 10:19:56 WARN  [89638] SQL statement error, no fields to insert
2015-12-06 10:31:40 WARN  [97507] invalid name: id
2015-12-06 10:31:40 WARN  [97507] invalid name: data
2015-12-06 10:31:40 WARN  [97507] invalid name: updated_at
2015-12-06 10:31:40 WARN  [97507] SQL statement error, no fields to insert
2015-12-06 10:31:48 WARN  [97507] invalid name: id
2015-12-06 10:31:48 WARN  [97507] invalid name: data
2015-12-06 10:31:48 WARN  [97507] invalid name: updated_at
2015-12-06 10:31:48 WARN  [97507] SQL statement error, no fields to insert
2015-12-06 10:32:05 WARN  [97719] invalid name: id
2015-12-06 10:32:05 WARN  [97719] invalid name: data
2015-12-06 10:32:05 WARN  [97719] invalid name: updated_at
2015-12-06 10:32:05 WARN  [97719] SQL statement error, no fields to insert
2015-12-06 10:32:30 WARN  [97719] invalid name: id
2015-12-06 10:32:30 WARN  [97719] invalid name: data
2015-12-06 10:32:30 WARN  [97719] invalid name: updated_at
2015-12-06 10:32:30 WARN  [97719] SQL statement error, no fields to insert
2015-12-06 10:32:45 WARN  [97719] invalid name: id
2015-12-06 10:32:45 WARN  [97719] invalid name: data
2015-12-06 10:32:45 WARN  [97719] invalid name: updated_at
2015-12-06 10:32:45 WARN  [97719] SQL statement error, no fields to insert
2015-12-06 10:36:14 WARN  [99875] invalid name: id
2015-12-06 10:36:14 WARN  [99875] invalid name: data
2015-12-06 10:36:14 WARN  [99875] invalid name: updated_at
2015-12-06 10:36:14 WARN  [99875] SQL statement error, no fields to insert
2015-12-06 10:49:26 WARN  [104223] invalid name: id
2015-12-06 10:49:26 WARN  [104223] invalid name: data
2015-12-06 10:49:26 WARN  [104223] invalid name: updated_at
2015-12-06 10:49:26 WARN  [104223] SQL statement error, no fields to insert
2015-12-06 10:51:01 WARN  [105031] invalid name: id
2015-12-06 10:51:01 WARN  [105031] invalid name: data
2015-12-06 10:51:01 WARN  [105031] invalid name: updated_at
2015-12-06 10:51:01 WARN  [105031] SQL statement error, no fields to insert
2015-12-06 10:53:26 WARN  [106677] invalid name: id
2015-12-06 10:53:26 WARN  [106677] invalid name: data
2015-12-06 10:53:26 WARN  [106677] invalid name: updated_at
2015-12-06 10:53:26 WARN  [106677] SQL statement error, no fields to insert
2015-12-06 10:59:23 WARN  [109572] invalid name: id
2015-12-06 10:59:23 WARN  [109572] invalid name: data
2015-12-06 10:59:23 WARN  [109572] invalid name: updated_at
2015-12-06 10:59:23 WARN  [109572] SQL statement error, no fields to insert
2015-12-06 11:10:20 WARN  [117985] invalid name: id
2015-12-06 11:10:20 WARN  [117985] invalid name: data
2015-12-06 11:10:20 WARN  [117985] invalid name: updated_at
2015-12-06 11:10:20 WARN  [117985] SQL statement error, no fields to insert
2015-12-06 11:12:31 WARN  [119376] invalid name: id
2015-12-06 11:12:31 WARN  [119376] invalid name: data
2015-12-06 11:12:31 WARN  [119376] invalid name: updated_at
2015-12-06 11:12:31 WARN  [119376] SQL statement error, no fields to insert
2015-12-06 11:13:44 WARN  [120139] invalid name: id
2015-12-06 11:13:44 WARN  [120139] invalid name: data
2015-12-06 11:13:44 WARN  [120139] invalid name: updated_at
2015-12-06 11:13:44 WARN  [120139] SQL statement error, no fields to insert
2015-12-06 11:16:44 WARN  [121531] invalid name: id
2015-12-06 11:16:44 WARN  [121531] invalid name: data
2015-12-06 11:16:44 WARN  [121531] invalid name: updated_at
2015-12-06 11:16:44 WARN  [121531] SQL statement error, no fields to insert
2015-12-06 11:19:17 WARN  [122839] invalid name: id
2015-12-06 11:19:17 WARN  [122839] invalid name: data
2015-12-06 11:19:17 WARN  [122839] invalid name: updated_at
2015-12-06 11:19:17 WARN  [122839] SQL statement error, no fields to insert
2015-12-06 11:19:54 WARN  [122839] invalid name: id
2015-12-06 11:19:54 WARN  [122839] invalid name: data
2015-12-06 11:19:54 WARN  [122839] invalid name: updated_at
2015-12-06 11:19:54 WARN  [122839] SQL statement error, no fields to insert
2015-12-06 11:19:54 WARN  [122839] invalid name: id
2015-12-06 11:19:54 WARN  [122839] invalid name: data
2015-12-06 11:19:54 WARN  [122839] invalid name: updated_at
2015-12-06 11:19:54 WARN  [122839] SQL statement error, no fields to insert
2015-12-06 11:22:02 WARN  [124492] invalid name: id
2015-12-06 11:22:02 WARN  [124492] invalid name: data
2015-12-06 11:22:02 WARN  [124492] invalid name: updated_at
2015-12-06 11:22:02 WARN  [124492] SQL statement error, no fields to insert
2015-12-06 11:22:15 WARN  [124492] invalid name: id
2015-12-06 11:22:15 WARN  [124492] invalid name: data
2015-12-06 11:22:15 WARN  [124492] invalid name: updated_at
2015-12-06 11:22:15 WARN  [124492] SQL statement error, no fields to insert
2015-12-06 11:22:15 WARN  [124492] invalid name: id
2015-12-06 11:22:15 WARN  [124492] invalid name: data
2015-12-06 11:22:15 WARN  [124492] invalid name: updated_at
2015-12-06 11:22:15 WARN  [124492] SQL statement error, no fields to insert
2015-12-06 11:22:18 WARN  [124492] invalid name: id
2015-12-06 11:22:18 WARN  [124492] invalid name: data
2015-12-06 11:22:18 WARN  [124492] invalid name: updated_at
2015-12-06 11:22:18 WARN  [124492] SQL statement error, no fields to insert
2015-12-06 11:22:22 WARN  [124492] invalid name: id
2015-12-06 11:22:22 WARN  [124492] invalid name: data
2015-12-06 11:22:22 WARN  [124492] invalid name: updated_at
2015-12-06 11:22:22 WARN  [124492] SQL statement error, no fields to insert
2015-12-06 12:06:13 WARN  [14667] invalid name: id
2015-12-06 12:06:13 WARN  [14667] invalid name: data
2015-12-06 12:06:13 WARN  [14667] invalid name: updated_at
2015-12-06 12:06:13 WARN  [14667] SQL statement error, no fields to insert
2015-12-06 12:06:23 WARN  [14667] invalid name: id
2015-12-06 12:06:23 WARN  [14667] invalid name: data
2015-12-06 12:06:23 WARN  [14667] invalid name: updated_at
2015-12-06 12:06:23 WARN  [14667] SQL statement error, no fields to insert
2015-12-06 12:06:23 WARN  [14667] invalid name: id
2015-12-06 12:06:23 WARN  [14667] invalid name: data
2015-12-06 12:06:23 WARN  [14667] invalid name: updated_at
2015-12-06 12:06:23 WARN  [14667] SQL statement error, no fields to insert
2015-12-06 12:06:27 WARN  [14717] invalid name: id
2015-12-06 12:06:27 WARN  [14717] invalid name: data
2015-12-06 12:06:27 WARN  [14717] invalid name: updated_at
2015-12-06 12:06:27 WARN  [14717] SQL statement error, no fields to insert
2015-12-06 12:07:23 WARN  [15303] invalid name: id
2015-12-06 12:07:23 WARN  [15303] invalid name: data
2015-12-06 12:07:23 WARN  [15303] invalid name: updated_at
2015-12-06 12:07:23 WARN  [15303] SQL statement error, no fields to insert
2015-12-06 12:12:02 WARN  [16897] invalid name: id
2015-12-06 12:12:02 WARN  [16897] invalid name: data
2015-12-06 12:12:02 WARN  [16897] invalid name: updated_at
2015-12-06 12:12:02 WARN  [16897] SQL statement error, no fields to insert
2015-12-06 18:21:29 WARN  [37820] invalid name: id
2015-12-06 18:21:29 WARN  [37820] invalid name: data
2015-12-06 18:21:29 WARN  [37820] invalid name: updated_at
2015-12-06 18:21:29 WARN  [37820] SQL statement error, no fields to insert
2015-12-06 18:21:39 WARN  [37820] invalid name: id
2015-12-06 18:21:39 WARN  [37820] invalid name: data
2015-12-06 18:21:39 WARN  [37820] invalid name: updated_at
2015-12-06 18:21:39 WARN  [37820] SQL statement error, no fields to insert
2015-12-06 18:21:39 WARN  [37820] invalid name: id
2015-12-06 18:21:39 WARN  [37820] invalid name: data
2015-12-06 18:21:39 WARN  [37820] invalid name: updated_at
2015-12-06 18:21:39 WARN  [37820] SQL statement error, no fields to insert
2015-12-08 09:47:00 ERROR [11240] Database open error. Invalid database settings, or maximum number of SQL connection exceeded.
2015-12-08 09:47:02 ERROR [11263] Database open error. Invalid database settings, or maximum number of SQL connection exceeded.
2015-12-08 09:47:07 ERROR [11311] Database open error. Invalid database settings, or maximum number of SQL connection exceeded.
2015-12-08 09:47:10 ERROR [11422] Database open error. Invalid database settings, or maximum number of SQL connection exceeded.
2015-12-08 09:48:05 ERROR [12614] Database open error. Invalid database settings, or maximum number of SQL connection exceeded.
2015-12-08 09:49:57 ERROR [14653] Database open error. Invalid database settings, or maximum number of SQL connection exceeded.
2015-12-08 09:50:01 ERROR [14756] Database open error. Invalid database settings, or maximum number of SQL connection exceeded.
2015-12-08 09:51:32 ERROR [17197] Database open error. Invalid database settings, or maximum number of SQL connection exceeded.
2015-12-08 09:53:53 ERROR [19914] Database open error. Invalid database settings, or maximum number of SQL connection exceeded.
2015-12-08 09:55:51 ERROR [21845] Database open error. Invalid database settings, or maximum number of SQL connection exceeded.
2015-12-08 09:59:19 ERROR [26250] Database open error. Invalid database settings, or maximum number of SQL connection exceeded.
2015-12-08 09:59:19 ERROR [26250] Database open error. Invalid database settings, or maximum number of SQL connection exceeded.
2015-12-08 09:59:19 ERROR [26250] Database open error. Invalid database settings, or maximum number of SQL connection exceeded.
2015-12-08 09:59:19 WARN  [26250] invalid name: id
2015-12-08 09:59:19 WARN  [26250] invalid name: data
2015-12-08 09:59:19 WARN  [26250] invalid name: updated_at
2015-12-08 09:59:19 ERROR [26250] Database open error. Invalid database settings, or maximum number of SQL connection exceeded.
2015-12-08 09:59:19 WARN  [26250] SQL statement error, no fields to insert
2015-12-08 10:02:18 ERROR [29319] Database open error. Invalid database settings, or maximum number of SQL connection exceeded.
2015-12-08 10:02:30 ERROR [29429] Database open error. Invalid database settings, or maximum number of SQL connection exceeded.
2015-12-08 10:02:42 ERROR [29675] Database open error. Invalid database settings, or maximum number of SQL connection exceeded.
2015-12-08 10:12:36 ERROR [13264] Database open error. Invalid database settings, or maximum number of SQL connection exceeded.
2015-12-08 10:13:45 ERROR [14771] Database open error. Invalid database settings, or maximum number of SQL connection exceeded.
2015-12-08 10:13:45 ERROR [14771] Database open error. Invalid database settings, or maximum number of SQL connection exceeded.
2015-12-08 10:13:45 ERROR [14771] Database open error. Invalid database settings, or maximum number of SQL connection exceeded.
2015-12-08 10:13:45 WARN  [14771] invalid name: id
2015-12-08 10:13:45 WARN  [14771] invalid name: data
2015-12-08 10:13:45 WARN  [14771] invalid name: updated_at
2015-12-08 10:13:45 ERROR [14771] Database open error. Invalid database settings, or maximum number of SQL connection exceeded.
2015-12-08 10:13:45 WARN  [14771] SQL statement error, no fields to insert
2015-12-08 10:17:34 ERROR [19397] Database open error. Invalid database settings, or maximum number of SQL connection exceeded.
2015-12-08 10:17:48 ERROR [19526] Database open error. Invalid database settings, or maximum number of SQL connection exceeded.
2015-12-08 10:17:49 ERROR [19539] Database open error. Invalid database settings, or maximum number of SQL connection exceeded.
2015-12-20 16:15:20 WARN  [7571] Parameter 'DriverType' is invalid
2015-12-20 16:43:29 WARN  [3448] Parameter 'DriverType' is invalid
2015-12-20 17:00:34 WARN  [3558] Parameter 'DriverType' is invalid
2015-12-20 17:00:42 ERROR [3565] Database open error. Invalid database settings, or maximum number of SQL connection exceeded.
2015-12-20 17:46:08 ERROR [5195] Database open error. Invalid database settings, or maximum number of SQL connection exceeded.
2015-12-20 17:46:54 WARN  [5235] Parameter 'DriverType' is invalid
2015-12-20 17:47:31 ERROR [5244] Database open error. Invalid database settings, or maximum number of SQL connection exceeded.
2015-12-20 17:47:42 ERROR [5248] Database open error. Invalid database settings, or maximum number of SQL connection exceeded.
2015-12-20 17:47:47 ERROR [5252] Database open error. Invalid database settings, or maximum number of SQL connection exceeded.
2015-12-20 17:48:02 ERROR [5255] Database open error. Invalid database settings, or maximum number of SQL connection exceeded.
2016-05-30 11:42:29 WARN  [336662] Parameter 'DriverType' is invalid
